[2022-04-20 18:55:26] [ERROR] [GlobalException:14] Patients not found
[2022-04-21 13:02:26] [ERROR] [GlobalException:14] Patients not found
[2022-04-21 13:02:36] [ERROR] [GlobalException:14] Patients not found
[2022-04-21 13:02:38] [ERROR] [GlobalException:14] Patients not found
[2022-04-21 13:02:48] [ERROR] [GlobalException:14] Patients not found
[2022-04-21 13:04:27] [ERROR] [GlobalException:14] Patients not found
[2022-04-21 13:04:41] [ERROR] [GlobalException:14] Patients not found
[2022-04-21 13:06:55] [ERROR] [GlobalException:14] Patients not found
[2022-04-21 13:06:57] [ERROR] [GlobalException:14] Patients not found
[2022-04-21 13:13:43] [ERROR] [GlobalException:14] Patients not found
[2022-04-21 13:14:33] [ERROR] [GlobalException:14] Patients not found
[2022-04-21 13:14:37] [ERROR] [GlobalException:14] Patients not found
[2022-04-21 13:14:38] [ERROR] [GlobalException:14] Patients not found
[2022-04-21 13:14:38] [ERROR] [GlobalException:14] Patients not found
[2022-04-21 13:14:38] [ERROR] [GlobalException:14] Patients not found
[2022-04-21 13:56:29] [ERROR] [GlobalException:14] Patients not found
[2022-04-21 13:57:21] [ERROR] [GlobalException:14] Patients not found
[2022-04-21 13:58:43] [ERROR] [GlobalException:14] Patients not found
[2022-04-21 13:59:03] [ERROR] [GlobalException:14] Patients not found
[2022-04-21 13:59:32] [ERROR] [GlobalException:14] Patients not found
[2022-04-21 14:00:46] [ERROR] [GlobalException:14] Patients not found
[2022-04-21 14:00:46] [ERROR] [GlobalException:14] Patients not found
[2022-04-21 14:00:49] [ERROR] [GlobalException:14] Patients not found
[2022-04-21 14:00:54] [ERROR] [GlobalException:14] Patients not found
[2022-04-21 14:02:30] [ERROR] [GlobalException:14] Patients not found
[2022-04-21 14:10:40] [ERROR] [GlobalException:14] Patients not found
[2022-04-21 14:13:21] [ERROR] [GlobalException:14] Patients not found
[2022-04-21 14:13:29] [ERROR] [GlobalException:14] Patient not found with id: 1
[2022-04-21 14:24:07] [ERROR] [GlobalException:14] Appointment not found
[2022-04-21 14:24:09] [ERROR] [GlobalException:14] Appointment not found
[2022-04-21 14:24:11] [ERROR] [GlobalException:14] Appointment not found
[2022-04-21 14:24:12] [ERROR] [GlobalException:14] Appointment not found
[2022-04-21 14:25:43] [ERROR] [GlobalException:14] Appointment not found
[2022-04-21 14:25:57] [ERROR] [GlobalException:20] Patient and Dentist must be set
[2022-04-21 14:34:12] [ERROR] [GlobalException:14] Patients not found
[2022-04-21 14:35:34] [ERROR] [GlobalException:14] Patients not found
[2022-04-21 14:35:35] [ERROR] [GlobalException:14] Patients not found
[2022-04-21 14:35:37] [ERROR] [GlobalException:14] Patients not found
[2022-04-21 14:36:32] [ERROR] [GlobalException:14] Patients not found
[2022-04-21 14:39:30] [ERROR] [GlobalException:14] Patients not found
[2022-04-21 14:40:59] [ERROR] [GlobalException:14] Patients not found
[2022-04-21 14:41:18] [ERROR] [GlobalException:14] Patients not found
[2022-04-21 14:41:21] [ERROR] [GlobalException:14] Patients not found
[2022-04-21 14:41:22] [ERROR] [GlobalException:14] Patients not found
[2022-04-21 14:41:22] [ERROR] [GlobalException:14] Patients not found
[2022-04-21 14:42:09] [ERROR] [GlobalException:14] Patients not found
[2022-04-21 14:43:48] [ERROR] [GlobalException:14] Patients not found
[2022-04-21 14:44:28] [ERROR] [GlobalException:14] Patients not found
[2022-04-21 14:45:49] [ERROR] [GlobalException:14] Patients not found
[2022-04-21 14:46:07] [ERROR] [GlobalException:14] Patients not found
[2022-04-21 14:47:09] [ERROR] [GlobalException:14] Patients not found
[2022-04-21 14:50:14] [ERROR] [GlobalException:14] Patients not found
[2022-04-21 14:50:14] [ERROR] [GlobalException:14] Patients not found
[2022-04-21 14:50:15] [ERROR] [GlobalException:14] Patients not found
[2022-04-21 14:50:20] [ERROR] [GlobalException:14] Patients not found
[2022-04-21 14:51:15] [ERROR] [GlobalException:14] Patients not found
[2022-04-21 14:51:16] [ERROR] [GlobalException:14] Patients not found
[2022-04-21 14:51:17] [ERROR] [GlobalException:14] Patients not found
[2022-04-21 14:51:17] [ERROR] [GlobalException:14] Patients not found
[2022-04-21 14:54:36] [ERROR] [GlobalException:14] Patients not found
[2022-04-21 14:54:39] [ERROR] [GlobalException:14] Patients not found
[2022-04-21 14:54:40] [ERROR] [GlobalException:14] Patients not found
[2022-04-21 14:54:43] [ERROR] [GlobalException:14] Patients not found
[2022-04-21 14:54:45] [ERROR] [GlobalException:14] Patients not found
[2022-04-21 14:54:46] [ERROR] [GlobalException:14] Patients not found
[2022-04-21 14:54:46] [ERROR] [GlobalException:14] Patients not found
[2022-04-21 14:58:47] [ERROR] [GlobalException:14] Patients not found
[2022-04-21 14:58:48] [ERROR] [GlobalException:14] Patients not found
[2022-04-21 14:58:48] [ERROR] [GlobalException:14] Patients not found
[2022-04-21 14:58:48] [ERROR] [GlobalException:14] Patients not found
[2022-04-21 14:58:49] [ERROR] [GlobalException:14] Patients not found
[2022-04-21 14:58:49] [ERROR] [GlobalException:14] Patients not found
[2022-04-21 14:58:50] [ERROR] [GlobalException:14] Patients not found
[2022-04-21 14:59:15] [ERROR] [GlobalException:14] Patients not found
[2022-04-21 14:59:15] [ERROR] [GlobalException:14] Patients not found
[2022-04-21 14:59:16] [ERROR] [GlobalException:14] Patients not found
[2022-04-21 14:59:31] [ERROR] [GlobalException:14] Patients not found
[2022-04-21 14:59:32] [ERROR] [GlobalException:14] Patients not found
[2022-04-21 14:59:32] [ERROR] [GlobalException:14] Patients not found
[2022-04-21 15:00:48] [ERROR] [GlobalException:14] Patients not found
[2022-04-21 15:00:48] [ERROR] [GlobalException:14] Patients not found
[2022-04-21 15:00:49] [ERROR] [GlobalException:14] Patients not found
[2022-04-21 15:01:36] [ERROR] [GlobalException:14] Patients not found
[2022-04-21 15:01:36] [ERROR] [GlobalException:14] Patients not found
[2022-04-21 15:03:11] [ERROR] [GlobalException:14] Patients not found
[2022-04-21 15:03:11] [ERROR] [GlobalException:14] Patients not found
[2022-04-21 15:03:12] [ERROR] [GlobalException:14] Patients not found
[2022-04-21 15:03:12] [ERROR] [GlobalException:14] Patients not found
[2022-04-21 15:03:13] [ERROR] [GlobalException:14] Patients not found
[2022-04-21 15:04:08] [ERROR] [GlobalException:14] Patients not found
[2022-04-21 15:04:08] [ERROR] [GlobalException:14] Patients not found
[2022-04-21 15:04:08] [ERROR] [GlobalException:14] Patients not found
[2022-04-21 15:13:01] [ERROR] [GlobalException:14] Patients not found
[2022-04-21 15:13:02] [ERROR] [GlobalException:14] Patients not found
[2022-04-21 15:13:02] [ERROR] [GlobalException:14] Patients not found
[2022-04-21 15:13:03] [ERROR] [GlobalException:14] Patients not found
[2022-04-21 15:13:03] [ERROR] [GlobalException:14] Patients not found
[2022-04-21 15:35:46] [ERROR] [GlobalException:14] Dentists not found
[2022-04-21 15:35:46] [ERROR] [GlobalException:14] Dentists not found
[2022-04-21 15:35:57] [ERROR] [GlobalException:14] Dentists not found
[2022-04-21 15:45:15] [ERROR] [GlobalException:14] Appointment not found
[2022-04-21 15:45:18] [ERROR] [GlobalException:14] Dentists not found
[2022-04-21 15:45:19] [ERROR] [GlobalException:14] Patients not found
[2022-04-21 15:47:48] [ERROR] [GlobalException:14] Appointment not found
[2022-04-21 15:47:48] [ERROR] [GlobalException:14] Appointment not found
[2022-04-21 15:47:49] [ERROR] [GlobalException:14] Appointment not found
[2022-04-21 15:47:49] [ERROR] [GlobalException:14] Appointment not found
[2022-04-21 15:48:11] [ERROR] [GlobalException:14] Appointment not found
[2022-04-21 15:48:12] [ERROR] [GlobalException:14] Patients not found
[2022-04-21 15:49:41] [ERROR] [GlobalException:14] Appointment not found
[2022-04-21 15:49:41] [ERROR] [GlobalException:14] Appointment not found
[2022-04-21 15:49:41] [ERROR] [GlobalException:14] Appointment not found
[2022-04-21 15:49:42] [ERROR] [GlobalException:14] Appointment not found
[2022-04-21 15:50:52] [ERROR] [GlobalException:14] Appointment not found
[2022-04-21 15:50:53] [ERROR] [GlobalException:14] Appointment not found
[2022-04-21 15:50:53] [ERROR] [GlobalException:14] Appointment not found
[2022-04-21 16:08:24] [ERROR] [GlobalException:14] Appointment not found
[2022-04-21 16:08:25] [ERROR] [GlobalException:14] Appointment not found
[2022-04-21 16:08:38] [ERROR] [GlobalException:20] Patient and Dentist must be set
[2022-04-21 16:08:39] [ERROR] [GlobalException:20] Patient and Dentist must be set
[2022-04-21 16:08:40] [ERROR] [GlobalException:20] Patient and Dentist must be set
[2022-04-21 16:11:05] [ERROR] [GlobalException:20] Patient and Dentist must be set
[2022-04-21 16:11:12] [ERROR] [GlobalException:14] Appointment not found
[2022-04-21 16:11:32] [ERROR] [GlobalException:20] Patient and Dentist must be set
[2022-04-21 16:14:36] [ERROR] [GlobalException:20] Patient and Dentist must be set
[2022-04-21 16:18:35] [ERROR] [GlobalException:14] Appointment not found
[2022-04-21 16:26:21] [ERROR] [GlobalException:14] Appointment not found
[2022-04-21 16:26:42] [ERROR] [GlobalException:14] Appointment not found
[2022-04-21 16:28:25] [ERROR] [GlobalException:14] Appointment not found
[2022-04-21 16:29:51] [ERROR] [GlobalException:14] Appointment not found
[2022-04-21 16:29:59] [ERROR] [GlobalException:14] Appointment not found
[2022-04-21 16:34:45] [ERROR] [GlobalException:14] Appointment not found
[2022-04-21 16:37:44] [ERROR] [GlobalException:14] Appointment not found
[2022-04-21 16:39:57] [ERROR] [GlobalException:14] Appointment not found
[2022-04-21 16:41:57] [ERROR] [GlobalException:14] Patients not found
[2022-04-21 16:41:59] [ERROR] [GlobalException:14] Patients not found
[2022-04-21 16:42:23] [ERROR] [GlobalException:14] Dentists not found
[2022-04-21 16:42:35] [ERROR] [GlobalException:14] Appointment not found
[2022-04-21 16:43:53] [ERROR] [GlobalException:14] Appointment not found
[2022-04-21 16:43:54] [ERROR] [GlobalException:14] Appointment not found
[2022-04-23 19:18:20] [ERROR] [GlobalException:14] Appointment not found
[2022-04-23 19:19:06] [ERROR] [GlobalException:14] Patients not found
[2022-04-23 19:19:07] [ERROR] [GlobalException:14] Patients not found
[2022-04-23 19:20:43] [ERROR] [GlobalException:14] Appointment not found
[2022-04-23 19:20:47] [ERROR] [GlobalException:14] Appointment not found
[2022-04-23 19:24:01] [ERROR] [GlobalException:14] Appointment not found
[2022-04-23 19:50:58] [ERROR] [GlobalException:14] Patients not found
[2022-04-23 19:51:00] [ERROR] [GlobalException:14] Dentists not found
[2022-04-23 19:51:01] [ERROR] [GlobalException:14] Appointment not found
